\BOOKMARK [0][-]{section*.2}{\376\377\000D\000e\000c\000l\000a\000r\000a\000t\000i\000o\000n}{}% 1
\BOOKMARK [0][-]{section*.3}{\376\377\000A\000c\000k\000n\000o\000w\000l\000e\000d\000g\000e\000m\000e\000n\000t\000s}{}% 2
\BOOKMARK [0][-]{chapter*.4}{\376\377\000T\000A\000B\000L\000E\000\040\000O\000F\000\040\000C\000O\000N\000T\000E\000N\000T\000S}{}% 3
\BOOKMARK [0][-]{chapter.5}{\376\377\000I\000N\000T\000R\000O\000D\000U\000C\000T\000I\000O\000N}{}% 4
\BOOKMARK [1][-]{section.6}{\376\377\000B\000a\000c\000k\000g\000r\000o\000u\000n\000d\000\040\000o\000f\000\040\000r\000e\000s\000e\000a\000r\000c\000h}{chapter.5}% 5
\BOOKMARK [1][-]{section.7}{\376\377\000M\000o\000t\000i\000v\000a\000t\000i\000o\000n\000s\000\040\000a\000n\000d\000\040\000o\000b\000j\000e\000c\000t\000i\000v\000e\000s}{chapter.5}% 6
\BOOKMARK [1][-]{section.8}{\376\377\000S\000c\000o\000p\000e\000\040\000a\000n\000d\000\040\000o\000u\000t\000l\000i\000n\000e\000\040\000o\000f\000\040\000t\000h\000e\000\040\000t\000h\000e\000s\000i\000s}{chapter.5}% 7
\BOOKMARK [0][-]{chapter.9}{\376\377\000L\000I\000T\000E\000R\000A\000T\000U\000R\000E\000\040\000R\000E\000V\000I\000E\000W}{}% 8
\BOOKMARK [1][-]{section.10}{\376\377\000O\000v\000e\000r\000v\000i\000e\000w\000\040\000o\000f\000\040\000b\000i\000k\000e\000\040\000r\000e\000p\000o\000s\000i\000t\000i\000o\000n\000i\000n\000g\000\040\000p\000r\000o\000b\000l\000e\000m\000s}{chapter.9}% 9
\BOOKMARK [2][-]{subsection.11}{\376\377\000S\000t\000a\000t\000i\000c\000\040\000a\000n\000d\000\040\000d\000y\000n\000a\000m\000i\000c\000\040\000b\000i\000k\000e\000\040\000r\000e\000p\000o\000s\000i\000t\000i\000o\000n\000i\000n\000g}{section.10}% 10
\BOOKMARK [2][-]{subsection.12}{\376\377\000O\000b\000j\000e\000c\000t\000i\000v\000e\000s\000\040\000a\000n\000d\000\040\000s\000e\000r\000v\000i\000c\000e\000-\000q\000u\000a\000l\000i\000t\000y\000\040\000m\000e\000a\000s\000u\000r\000e\000s}{section.10}% 11
\BOOKMARK [2][-]{subsection.13}{\376\377\000M\000o\000d\000e\000l\000i\000n\000g\000\040\000a\000p\000p\000r\000o\000a\000c\000h\000e\000s}{section.10}% 12
\BOOKMARK [2][-]{subsection.14}{\376\377\000S\000o\000l\000u\000t\000i\000o\000n\000\040\000m\000e\000t\000h\000o\000d\000s}{section.10}% 13
\BOOKMARK [1][-]{section.15}{\376\377\000U\000s\000e\000r\000\040\000d\000i\000s\000s\000a\000t\000i\000s\000f\000a\000c\000t\000i\000o\000n\000\040\000i\000n\000\040\000b\000i\000k\000e\000\040\000r\000e\000p\000o\000s\000i\000t\000i\000o\000n\000i\000n\000g\000\040\000p\000r\000o\000b\000l\000e\000m\000s}{chapter.9}% 14
\BOOKMARK [2][-]{subsection.16}{\376\377\000U\000s\000e\000r\000\040\000D\000i\000s\000s\000a\000t\000i\000s\000f\000a\000c\000t\000i\000o\000n\000\040\000F\000u\000n\000c\000t\000i\000o\000n}{section.15}% 15
\BOOKMARK [2][-]{subsection.17}{\376\377\000E\000x\000t\000e\000n\000d\000e\000d\000\040\000U\000s\000e\000r\000\040\000D\000i\000s\000s\000a\000t\000i\000s\000f\000a\000c\000t\000i\000o\000n\000\040\000F\000u\000n\000c\000t\000i\000o\000n}{section.15}% 16
\BOOKMARK [1][-]{section.18}{\376\377\000B\000i\000k\000e\000\040\000r\000e\000p\000o\000s\000i\000t\000i\000o\000n\000i\000n\000g\000\040\000p\000r\000o\000b\000l\000e\000m\000s\000\040\000w\000i\000t\000h\000\040\000b\000r\000o\000k\000e\000n\000\040\000b\000i\000k\000e\000s}{chapter.9}% 17
\BOOKMARK [2][-]{subsection.19}{\376\377\000O\000f\000f\000-\000s\000i\000t\000e\000\040\000h\000a\000n\000d\000l\000i\000n\000g\000\040\000o\000f\000\040\000b\000r\000o\000k\000e\000n\000\040\000b\000i\000k\000e\000s}{section.18}% 18
\BOOKMARK [2][-]{subsection.20}{\376\377\000O\000n\000-\000s\000i\000t\000e\000\040\000r\000e\000p\000a\000i\000r\000\040\000o\000p\000e\000r\000a\000t\000i\000o\000n\000s}{section.18}% 19
\BOOKMARK [1][-]{section.21}{\376\377\000C\000l\000u\000s\000t\000e\000r\000-\000f\000i\000r\000s\000t\000,\000\040\000r\000o\000u\000t\000e\000-\000s\000e\000c\000o\000n\000d\000\040\000m\000e\000t\000h\000o\000d\000s\000\040\000f\000o\000r\000\040\000b\000i\000k\000e\000\040\000r\000e\000p\000o\000s\000i\000t\000i\000o\000n\000i\000n\000g\000\040\000p\000r\000o\000b\000l\000e\000m\000s}{chapter.9}% 20
\BOOKMARK [1][-]{section.22}{\376\377\000S\000u\000m\000m\000a\000r\000y\000\040\000o\000f\000\040\000r\000e\000s\000e\000a\000r\000c\000h\000\040\000g\000a\000p\000s}{chapter.9}% 21
\BOOKMARK [0][-]{chapter.23}{\376\377\000U\000S\000E\000R\000-\000D\000I\000S\000S\000A\000T\000I\000S\000F\000A\000C\000T\000I\000O\000N\000-\000A\000W\000A\000R\000E\000\040\000C\000L\000U\000S\000T\000E\000R\000-\000F\000I\000R\000S\000T\000,\000\040\000R\000O\000U\000T\000E\000-\000S\000E\000C\000O\000N\000D\000\040\000D\000E\000C\000O\000M\000P\000O\000S\000I\000T\000I\000O\000N\000\040\000F\000O\000R\000\040\000T\000H\000E\000\040\000S\000T\000A\000T\000I\000C\000\040\000B\000I\000K\000E\000\040\000R\000E\000P\000O\000S\000I\000T\000I\000O\000N\000I\000N\000G\000\040\000P\000R\000O\000B\000L\000E\000M}{}% 22
\BOOKMARK [1][-]{section.24}{\376\377\000P\000r\000o\000b\000l\000e\000m\000\040\000f\000o\000r\000m\000u\000l\000a\000t\000i\000o\000n}{chapter.23}% 23
\BOOKMARK [2][-]{subsection.25}{\376\377\000N\000o\000t\000a\000t\000i\000o\000n}{section.24}% 24
\BOOKMARK [2][-]{subsection.27}{\376\377\000A\000r\000c\000-\000i\000n\000d\000e\000x\000e\000d\000\040\000f\000o\000r\000m\000u\000l\000a\000t\000i\000o\000n}{section.24}% 25
\BOOKMARK [1][-]{section.51}{\376\377\000U\000D\000F\000-\000a\000w\000a\000r\000e\000\040\000c\000l\000u\000s\000t\000e\000r\000i\000n\000g\000\040\000m\000o\000d\000e\000l}{chapter.23}% 26
\BOOKMARK [2][-]{subsection.52}{\376\377\000F\000r\000a\000m\000e\000w\000o\000r\000k\000\040\000o\000v\000e\000r\000v\000i\000e\000w}{section.51}% 27
\BOOKMARK [2][-]{subsection.54}{\376\377\000C\000l\000u\000s\000t\000e\000r\000i\000n\000g\000\040\000m\000o\000d\000e\000l}{section.51}% 28
\BOOKMARK [3][-]{section*.55}{\376\377\000N\000o\000t\000a\000t\000i\000o\000n}{subsection.54}% 29
\BOOKMARK [3][-]{section*.57}{\376\377\000M\000I\000L\000P\000\040\000f\000o\000r\000m\000u\000l\000a\000t\000i\000o\000n}{subsection.54}% 30
\BOOKMARK [2][-]{subsection.86}{\376\377\000R\000o\000u\000t\000i\000n\000g\000\040\000p\000h\000a\000s\000e}{section.51}% 31
\BOOKMARK [1][-]{section.87}{\376\377\000A\000c\000t\000i\000v\000a\000t\000e\000d\000\040\000T\000r\000a\000n\000s\000f\000e\000r\000\040\000S\000e\000l\000e\000c\000t\000i\000o\000n}{chapter.23}% 32
\BOOKMARK [1][-]{section.97}{\376\377\000H\000y\000b\000r\000i\000d\000\040\000G\000e\000n\000e\000t\000i\000c\000\040\000S\000e\000a\000r\000c\000h\000\040\000f\000o\000r\000\040\000U\000D\000F\000-\000a\000w\000a\000r\000e\000\040\000C\000l\000u\000s\000t\000e\000r\000i\000n\000g}{chapter.23}% 33
\BOOKMARK [2][-]{subsection.98}{\376\377\000S\000o\000l\000u\000t\000i\000o\000n\000\040\000r\000e\000p\000r\000e\000s\000e\000n\000t\000a\000t\000i\000o\000n}{section.97}% 34
\BOOKMARK [2][-]{subsection.99}{\376\377\000A\000l\000g\000o\000r\000i\000t\000h\000m\000\040\000o\000v\000e\000r\000v\000i\000e\000w}{section.97}% 35
\BOOKMARK [2][-]{subsection.131}{\376\377\000S\000o\000l\000u\000t\000i\000o\000n\000\040\000c\000o\000n\000s\000t\000r\000u\000c\000t\000i\000o\000n}{section.97}% 36
\BOOKMARK [2][-]{subsection.132}{\376\377\000C\000r\000o\000s\000s\000o\000v\000e\000r}{section.97}% 37
\BOOKMARK [2][-]{subsection.154}{\376\377\000C\000l\000u\000s\000t\000e\000r\000\040\000s\000i\000z\000e\000\040\000r\000e\000p\000a\000i\000r}{section.97}% 38
\BOOKMARK [2][-]{subsection.155}{\376\377\000E\000d\000u\000c\000a\000t\000i\000o\000n}{section.97}% 39
\BOOKMARK [2][-]{subsection.156}{\376\377\000P\000o\000p\000u\000l\000a\000t\000i\000o\000n\000\040\000m\000a\000n\000a\000g\000e\000m\000e\000n\000t}{section.97}% 40
\BOOKMARK [1][-]{section.157}{\376\377\000C\000o\000m\000p\000u\000t\000a\000t\000i\000o\000n\000a\000l\000\040\000e\000x\000p\000e\000r\000i\000m\000e\000n\000t\000s}{chapter.23}% 41
\BOOKMARK [2][-]{subsection.160}{\376\377\000P\000a\000r\000a\000m\000e\000t\000e\000r\000\040\000t\000u\000n\000i\000n\000g}{section.157}% 42
\BOOKMARK [2][-]{subsection.163}{\376\377\000T\000h\000r\000e\000e\000-\000w\000a\000y\000\040\000b\000e\000n\000c\000h\000m\000a\000r\000k\000\040\000c\000o\000m\000p\000a\000r\000i\000s\000o\000n}{section.157}% 43
\BOOKMARK [2][-]{subsection.169}{\376\377\000B\000a\000s\000e\000l\000i\000n\000e\000\040\000c\000o\000m\000p\000a\000r\000i\000s\000o\000n}{section.157}% 44
\BOOKMARK [1][-]{section.173}{\376\377\000C\000o\000n\000c\000l\000u\000s\000i\000o\000n\000s}{chapter.23}% 45
\BOOKMARK [0][-]{chapter.174}{\376\377\000S\000T\000A\000T\000I\000C\000\040\000B\000I\000K\000E\000\040\000R\000E\000P\000O\000S\000I\000T\000I\000O\000N\000I\000N\000G\000\040\000W\000I\000T\000H\000\040\000B\000R\000O\000K\000E\000N\000\040\000B\000I\000K\000E\000S\000\040\000A\000N\000D\000\040\000O\000N\000-\000S\000I\000T\000E\000\040\000R\000E\000P\000A\000I\000R}{}% 46
\BOOKMARK [1][-]{section.175}{\376\377\000P\000r\000o\000b\000l\000e\000m\000\040\000f\000o\000r\000m\000u\000l\000a\000t\000i\000o\000n}{chapter.174}% 47
\BOOKMARK [2][-]{subsection.179}{\376\377\000N\000o\000t\000a\000t\000i\000o\000n\000s}{section.175}% 48
\BOOKMARK [2][-]{subsection.181}{\376\377\000T\000i\000m\000e\000-\000i\000n\000d\000e\000x\000e\000d\000\040\000f\000o\000r\000m\000u\000l\000a\000t\000i\000o\000n}{section.175}% 49
\BOOKMARK [1][-]{section.249}{\376\377\000S\000o\000l\000u\000t\000i\000o\000n\000\040\000m\000e\000t\000h\000o\000d}{chapter.174}% 50
\BOOKMARK [2][-]{subsection.250}{\376\377\000S\000o\000l\000u\000t\000i\000o\000n\000\040\000r\000e\000p\000r\000e\000s\000e\000n\000t\000a\000t\000i\000o\000n}{section.249}% 51
\BOOKMARK [2][-]{subsection.251}{\376\377\000O\000v\000e\000r\000a\000l\000l\000\040\000a\000l\000g\000o\000r\000i\000t\000h\000m\000i\000c\000\040\000p\000r\000o\000c\000e\000d\000u\000r\000e}{section.249}% 52
\BOOKMARK [2][-]{subsection.253}{\376\377\000P\000o\000p\000u\000l\000a\000t\000i\000o\000n\000\040\000i\000n\000i\000t\000i\000a\000l\000i\000z\000a\000t\000i\000o\000n}{section.249}% 53
\BOOKMARK [2][-]{subsection.254}{\376\377\000S\000t\000a\000t\000i\000o\000n\000\040\000b\000u\000d\000g\000e\000t\000\040\000c\000o\000n\000s\000t\000r\000a\000i\000n\000e\000d\000\040\000\050\000S\000B\000C\000\051\000\040\000h\000e\000u\000r\000i\000s\000t\000i\000c\000\040\000f\000o\000r\000\040\000q\000u\000a\000n\000t\000i\000t\000y\000\040\000d\000e\000t\000e\000r\000m\000i\000n\000a\000t\000i\000o\000n}{section.249}% 54
\BOOKMARK [3][-]{section*.255}{\376\377\000S\000t\000a\000t\000i\000o\000n\000\040\000b\000u\000d\000g\000e\000t\000\040\000a\000l\000l\000o\000c\000a\000t\000i\000o\000n}{subsection.254}% 55
\BOOKMARK [3][-]{section*.260}{\376\377\000L\000o\000a\000d\000i\000n\000g\000,\000\040\000u\000n\000l\000o\000a\000d\000i\000n\000g\000,\000\040\000a\000n\000d\000\040\000r\000e\000p\000a\000i\000r\000i\000n\000g\000\040\000q\000u\000a\000n\000t\000i\000t\000y\000\040\000a\000s\000s\000i\000g\000n\000m\000e\000n\000t}{subsection.254}% 56
\BOOKMARK [3][-]{section*.261}{\376\377\000S\000t\000a\000t\000i\000o\000n\000\040\000\050\000u\000n\000\051\000l\000o\000a\000d\000i\000n\000g\000\040\000b\000u\000d\000g\000e\000t\000\040\000a\000n\000d\000\040\000t\000r\000u\000c\000k\000\040\000\050\000u\000n\000\051\000l\000o\000a\000d\000i\000n\000g\000\040\000q\000u\000a\000n\000t\000i\000t\000y\000\040\000a\000d\000j\000u\000s\000t\000m\000e\000n\000t\000s}{subsection.254}% 57
\BOOKMARK [3][-]{section*.262}{\376\377\000A\000m\000e\000n\000d\000m\000e\000n\000t\000s\000\040\000t\000o\000\040\000t\000h\000e\000\040\000r\000o\000u\000t\000e\000s\000\040\000a\000n\000d\000\040\000a\000s\000s\000i\000g\000n\000e\000d\000\040\000q\000u\000a\000n\000t\000i\000t\000i\000e\000s\000\040\000f\000o\000r\000\040\000t\000r\000u\000c\000k\000s\000\040\000a\000n\000d\000\040\000r\000e\000p\000a\000i\000r\000e\000r\000s}{subsection.254}% 58
\BOOKMARK [2][-]{subsection.263}{\376\377\000F\000e\000a\000s\000i\000b\000i\000l\000i\000t\000y\000\040\000c\000h\000e\000c\000k\000\040\000a\000n\000d\000\040\000s\000o\000l\000u\000t\000i\000o\000n\000\040\000e\000v\000a\000l\000u\000a\000t\000i\000o\000n}{section.249}% 59
\BOOKMARK [2][-]{subsection.268}{\376\377\000S\000e\000l\000e\000c\000t\000i\000o\000n\000,\000\040\000c\000r\000o\000s\000s\000o\000v\000e\000r\000,\000\040\000e\000d\000u\000c\000a\000t\000i\000o\000n\000,\000\040\000a\000n\000d\000\040\000r\000e\000p\000a\000i\000r\000i\000n\000g}{section.249}% 60
\BOOKMARK [2][-]{subsection.269}{\376\377\000P\000o\000p\000u\000l\000a\000t\000i\000o\000n\000\040\000m\000a\000n\000a\000g\000e\000m\000e\000n\000t\000\040\000a\000n\000d\000\040\000s\000e\000a\000r\000c\000h\000\040\000g\000u\000i\000d\000a\000n\000c\000e}{section.249}% 61
\BOOKMARK [1][-]{section.270}{\376\377\000C\000o\000m\000p\000u\000t\000a\000t\000i\000o\000n\000a\000l\000\040\000e\000x\000p\000e\000r\000i\000m\000e\000n\000t\000s}{chapter.174}% 62
\BOOKMARK [2][-]{subsection.272}{\376\377\000P\000a\000r\000a\000m\000e\000t\000e\000r\000\040\000t\000u\000n\000i\000n\000g\000\040\000a\000n\000d\000\040\000s\000e\000t\000t\000i\000n\000g\000\040\000f\000o\000r\000\040\000t\000h\000e\000\040\000a\000l\000g\000o\000r\000i\000t\000h\000m}{section.270}% 63
\BOOKMARK [2][-]{subsection.275}{\376\377\000C\000o\000m\000p\000a\000r\000i\000s\000o\000n\000\040\000o\000f\000\040\000t\000h\000e\000\040\000r\000e\000s\000u\000l\000t\000s\000\040\000b\000e\000t\000w\000e\000e\000n\000\040\000H\000G\000S\000A\000D\000C\000-\000S\000B\000C\000\040\000a\000n\000d\000\040\000G\000u\000r\000o\000b\000i}{section.270}% 64
\BOOKMARK [2][-]{subsection.277}{\376\377\000C\000o\000m\000p\000a\000r\000i\000s\000o\000n\000\040\000o\000f\000\040\000r\000e\000s\000u\000l\000t\000s\000\040\000f\000r\000o\000m\000\040\000H\000G\000S\000A\000D\000C\000-\000S\000B\000C\000\040\000a\000n\000d\000\040\000G\000u\000r\000o\000b\000i\000\040\000o\000n\000\040\000l\000a\000r\000g\000e\000r\000\040\000n\000e\000t\000w\000o\000r\000k\000s}{section.270}% 65
\BOOKMARK [2][-]{subsection.280}{\376\377\000C\000o\000s\000t\000-\000e\000f\000f\000e\000c\000t\000i\000v\000e\000n\000e\000s\000s\000\040\000o\000f\000\040\000i\000n\000t\000r\000o\000d\000u\000c\000i\000n\000g\000\040\000a\000\040\000r\000e\000p\000a\000i\000r\000e\000r\000\040\000u\000n\000d\000e\000r\000\040\000v\000a\000r\000y\000i\000n\000g\000\040\000r\000e\000p\000a\000i\000r\000\040\000t\000i\000m\000e\000s\000\040\000a\000n\000d\000\040\000b\000r\000o\000k\000e\000n\000\040\000b\000i\000k\000e\000\040\000i\000n\000v\000e\000n\000t\000o\000r\000y\000\040\000l\000e\000v\000e\000l\000s}{section.270}% 66
\BOOKMARK [1][-]{section.283}{\376\377\000C\000o\000n\000c\000l\000u\000s\000i\000o\000n\000s}{chapter.174}% 67
\BOOKMARK [0][-]{chapter.284}{\376\377\000E\000X\000T\000E\000N\000D\000E\000D\000-\000U\000S\000E\000R\000-\000D\000I\000S\000S\000A\000T\000I\000S\000F\000A\000C\000T\000I\000O\000N\000-\000A\000W\000A\000R\000E\000\040\000C\000L\000U\000S\000T\000E\000R\000-\000F\000I\000R\000S\000T\000,\000\040\000R\000O\000U\000T\000E\000-\000S\000E\000C\000O\000N\000D\000\040\000D\000E\000C\000O\000M\000P\000O\000S\000I\000T\000I\000O\000N\000\040\000F\000O\000R\000\040\000T\000H\000E\000\040\000S\000T\000A\000T\000I\000C\000\040\000B\000I\000K\000E\000\040\000R\000E\000P\000O\000S\000I\000T\000I\000O\000N\000I\000N\000G\000\040\000P\000R\000O\000B\000L\000E\000M\000\040\000W\000I\000T\000H\000\040\000B\000R\000O\000K\000E\000N\000\040\000B\000I\000K\000E\000S\000\040\000A\000N\000D\000\040\000O\000N\000-\000S\000I\000T\000E\000\040\000R\000E\000P\000A\000I\000R}{}% 68
\BOOKMARK [1][-]{section.285}{\376\377\000P\000r\000o\000b\000l\000e\000m\000\040\000f\000o\000r\000m\000u\000l\000a\000t\000i\000o\000n}{chapter.284}% 69
\BOOKMARK [2][-]{subsection.286}{\376\377\000P\000r\000o\000b\000l\000e\000m\000\040\000s\000e\000t\000t\000i\000n\000g}{section.285}% 70
\BOOKMARK [2][-]{subsection.287}{\376\377\000N\000o\000t\000a\000t\000i\000o\000n}{section.285}% 71
\BOOKMARK [2][-]{subsection.295}{\376\377\000E\000U\000D\000F\000-\000b\000a\000s\000e\000d\000\040\000o\000b\000j\000e\000c\000t\000i\000v\000e}{section.285}% 72
\BOOKMARK [2][-]{subsection.297}{\376\377\000T\000i\000m\000e\000-\000i\000n\000d\000e\000x\000e\000d\000\040\000m\000i\000x\000e\000d\000-\000i\000n\000t\000e\000g\000e\000r\000\040\000f\000o\000r\000m\000u\000l\000a\000t\000i\000o\000n}{section.285}% 73
\BOOKMARK [1][-]{section.369}{\376\377\000E\000U\000D\000F\000-\000a\000w\000a\000r\000e\000\040\000c\000l\000u\000s\000t\000e\000r\000-\000f\000i\000r\000s\000t\000,\000\040\000r\000o\000u\000t\000e\000-\000s\000e\000c\000o\000n\000d\000\040\000f\000r\000a\000m\000e\000w\000o\000r\000k}{chapter.284}% 74
\BOOKMARK [2][-]{subsection.370}{\376\377\000S\000t\000a\000t\000i\000o\000n\000\040\000p\000a\000r\000t\000i\000t\000i\000o\000n\000\040\000r\000e\000p\000r\000e\000s\000e\000n\000t\000a\000t\000i\000o\000n}{section.369}% 75
\BOOKMARK [1][-]{section.373}{\376\377\000E\000x\000t\000e\000n\000d\000e\000d\000\040\000A\000c\000t\000i\000v\000a\000t\000e\000d\000\040\000T\000r\000a\000n\000s\000f\000e\000r\000\040\000S\000e\000l\000e\000c\000t\000i\000o\000n}{chapter.284}% 76
\BOOKMARK [1][-]{section.420}{\376\377\000H\000y\000b\000r\000i\000d\000\040\000G\000e\000n\000e\000t\000i\000c\000\040\000S\000e\000a\000r\000c\000h\000\040\000f\000o\000r\000\040\000E\000x\000t\000e\000n\000d\000e\000d\000-\000U\000D\000F\000\040\000C\000l\000u\000s\000t\000e\000r\000i\000n\000g}{chapter.284}% 77
\BOOKMARK [2][-]{subsection.445}{\376\377\000S\000o\000l\000u\000t\000i\000o\000n\000\040\000c\000o\000n\000s\000t\000r\000u\000c\000t\000i\000o\000n}{section.420}% 78
\BOOKMARK [2][-]{subsection.447}{\376\377\000C\000l\000u\000s\000t\000e\000r\000-\000b\000a\000s\000e\000d\000\040\000c\000r\000o\000s\000s\000o\000v\000e\000r}{section.420}% 79
\BOOKMARK [2][-]{subsection.448}{\376\377\000C\000l\000u\000s\000t\000e\000r\000-\000s\000i\000z\000e\000\040\000r\000e\000p\000a\000i\000r\000\040\000a\000n\000d\000\040\000e\000d\000u\000c\000a\000t\000i\000o\000n}{section.420}% 80
\BOOKMARK [2][-]{subsection.449}{\376\377\000P\000o\000p\000u\000l\000a\000t\000i\000o\000n\000\040\000m\000a\000n\000a\000g\000e\000m\000e\000n\000t\000\040\000a\000n\000d\000\040\000d\000i\000v\000e\000r\000s\000i\000f\000i\000c\000a\000t\000i\000o\000n}{section.420}% 81
\BOOKMARK [1][-]{section.453}{\376\377\000C\000l\000u\000s\000t\000e\000r\000-\000l\000e\000v\000e\000l\000\040\000p\000l\000a\000n\000n\000i\000n\000g}{chapter.284}% 82
\BOOKMARK [1][-]{section.456}{\376\377\000C\000o\000m\000p\000u\000t\000a\000t\000i\000o\000n\000a\000l\000\040\000e\000x\000p\000e\000r\000i\000m\000e\000n\000t\000s}{chapter.284}% 83
\BOOKMARK [2][-]{subsection.457}{\376\377\000P\000a\000r\000a\000m\000e\000t\000e\000r\000\040\000t\000u\000n\000i\000n\000g}{section.456}% 84
\BOOKMARK [2][-]{subsection.460}{\376\377\000B\000e\000n\000c\000h\000m\000a\000r\000k\000\040\000c\000o\000m\000p\000a\000r\000i\000s\000o\000n\000\040\000o\000n\000\040\000s\000m\000a\000l\000l\000\040\000i\000n\000s\000t\000a\000n\000c\000e\000s}{section.456}% 85
\BOOKMARK [2][-]{subsection.462}{\376\377\000C\000o\000m\000p\000a\000r\000i\000s\000o\000n\000\040\000o\000n\000\040\000l\000a\000r\000g\000e\000\040\000i\000n\000s\000t\000a\000n\000c\000e\000s}{section.456}% 86
\BOOKMARK [2][-]{subsection.464}{\376\377\000C\000o\000m\000p\000a\000r\000i\000s\000o\000n\000\040\000u\000n\000d\000e\000r\000\040\000v\000a\000r\000i\000e\000d\000\040\000i\000n\000s\000t\000a\000n\000c\000e\000\040\000c\000o\000n\000f\000i\000g\000u\000r\000a\000t\000i\000o\000n\000s}{section.456}% 87
\BOOKMARK [3][-]{section*.465}{\376\377\000V\000e\000h\000i\000c\000l\000e\000-\000c\000a\000p\000a\000c\000i\000t\000y\000\040\000c\000o\000n\000f\000i\000g\000u\000r\000a\000t\000i\000o\000n\000s}{subsection.464}% 88
\BOOKMARK [3][-]{section*.467}{\376\377\000T\000i\000m\000e\000-\000b\000u\000d\000g\000e\000t\000\040\000c\000o\000n\000f\000i\000g\000u\000r\000a\000t\000i\000o\000n\000s}{subsection.464}% 89
\BOOKMARK [3][-]{section*.469}{\376\377\000T\000a\000r\000g\000e\000t\000-\000c\000l\000u\000s\000t\000e\000r\000-\000s\000i\000z\000e\000\040\000c\000o\000n\000f\000i\000g\000u\000r\000a\000t\000i\000o\000n\000s}{subsection.464}% 90
\BOOKMARK [3][-]{section*.471}{\376\377\000B\000r\000o\000k\000e\000n\000-\000b\000i\000k\000e\000-\000r\000a\000t\000e\000\040\000c\000o\000n\000f\000i\000g\000u\000r\000a\000t\000i\000o\000n\000s}{subsection.464}% 91
\BOOKMARK [1][-]{section.473}{\376\377\000C\000o\000n\000c\000l\000u\000s\000i\000o\000n\000s}{chapter.284}% 92
\BOOKMARK [0][-]{chapter.474}{\376\377\000C\000O\000N\000C\000L\000U\000S\000I\000O\000N\000S\000\040\000A\000N\000D\000\040\000F\000U\000T\000U\000R\000E\000\040\000R\000E\000S\000E\000A\000R\000C\000H\000\040\000D\000I\000R\000E\000C\000T\000I\000O\000N\000S}{}% 93
\BOOKMARK [1][-]{section.475}{\376\377\000S\000u\000m\000m\000a\000r\000y\000\040\000o\000f\000\040\000m\000a\000i\000n\000\040\000f\000i\000n\000d\000i\000n\000g\000s}{chapter.474}% 94
\BOOKMARK [1][-]{section.476}{\376\377\000C\000o\000n\000t\000r\000i\000b\000u\000t\000i\000o\000n\000s\000\040\000o\000f\000\040\000t\000h\000e\000\040\000t\000h\000e\000s\000i\000s}{chapter.474}% 95
\BOOKMARK [1][-]{section.477}{\376\377\000F\000u\000t\000u\000r\000e\000\040\000r\000e\000s\000e\000a\000r\000c\000h\000\040\000d\000i\000r\000e\000c\000t\000i\000o\000n\000s}{chapter.474}% 96
\BOOKMARK [0][-]{appendix.478}{\376\377\000L\000i\000n\000e\000a\000r\000i\000z\000a\000t\000i\000o\000n\000\040\000o\000f\000\040\000t\000h\000e\000\040\000E\000U\000D\000F}{}% 97
\BOOKMARK [0][-]{appendix.484}{\376\377\000S\000B\000C\000\040\000H\000e\000u\000r\000i\000s\000t\000i\000c\000\040\000f\000o\000r\000\040\000t\000h\000e\000\040\000Q\000u\000a\000n\000t\000i\000t\000y\000\040\000A\000s\000s\000i\000g\000n\000m\000e\000n\000t}{}% 98
\BOOKMARK [0][-]{appendix.486}{\376\377\000A\000s\000s\000i\000g\000n\000m\000e\000n\000t\000\040\000A\000l\000g\000o\000r\000i\000t\000h\000m\000s\000\040\000f\000o\000r\000\040\000S\000t\000a\000t\000i\000o\000n\000\040\000R\000e\000p\000a\000i\000r\000i\000n\000g\000\040\000B\000u\000d\000g\000e\000t\000\040\000a\000n\000d\000\040\000S\000t\000a\000t\000i\000o\000n\000\040\000\050\000U\000n\000\051\000l\000o\000a\000d\000i\000n\000g\000\040\000B\000u\000d\000g\000e\000t}{}% 99
\BOOKMARK [0][-]{appendix.489}{\376\377\000R\000e\000p\000a\000i\000r\000i\000n\000g\000,\000\040\000L\000o\000a\000d\000i\000n\000g\000,\000\040\000a\000n\000d\000\040\000U\000n\000l\000o\000a\000d\000i\000n\000g\000\040\000Q\000u\000a\000n\000t\000i\000t\000y\000\040\000A\000s\000s\000i\000g\000n\000m\000e\000n\000t\000\040\000A\000l\000g\000o\000r\000i\000t\000h\000m\000s}{}% 100
\BOOKMARK [0][-]{appendix.495}{\376\377\000\050\000U\000n\000\051\000l\000o\000a\000d\000i\000n\000g\000\040\000B\000u\000d\000g\000e\000t\000\040\000A\000d\000j\000u\000s\000t\000m\000e\000n\000t\000\040\000A\000l\000g\000o\000r\000i\000t\000h\000m\000\040\000f\000o\000r\000\040\000T\000r\000u\000c\000k\000s}{}% 101
\BOOKMARK [0][-]{appendix*.498}{\376\377\000B\000i\000b\000l\000i\000o\000g\000r\000a\000p\000h\000y}{}% 102
